#
# There is insufficient memory for the Java Runtime Environment to continue.
# Native memory allocation (mmap) failed to map 8388608 bytes for committing reserved memory.
# Possible reasons:
#   The system is out of physical RAM or swap space
#   In 32 bit mode, the process size limit was hit
# Possible solutions:
#   Reduce memory load on the system
#   Increase physical memory or swap space
#   Check if swap backing store is full
#   Use 64 bit Java on a 64 bit OS
#   Decrease Java heap size (-Xmx/-Xms)
#   Decrease number of Java threads
#   Decrease Java thread stack sizes (-Xss)
#   Set larger code cache with -XX:ReservedCodeCacheSize=
# This output file may be truncated or incomplete.
#
#  Out of Memory Error (os_linux.cpp:2640), pid=1094, tid=0x00007f97344e9700
#
# JRE version: Java(TM) SE Runtime Environment (8.0_181-b13) (build 1.8.0_181-b13)
# Java VM: Java HotSpot(TM) 64-Bit Server VM (25.181-b13 mixed mode linux-amd64 compressed oops)
# Failed to write core dump. Core dumps have been disabled. To enable core dumping, try "ulimit -c unlimited" before starting Java again
#

---------------  T H R E A D  ---------------

Current thread (0x00007f9748079000):  VMThread [stack: 0x00007f97343e9000,0x00007f97344ea000] [id=1103]

Stack: [0x00007f97343e9000,0x00007f97344ea000],  sp=0x00007f97344e8220,  free space=1020k
Native frames: (J=compiled Java code, j=interpreted, Vv=VM code, C=native code)
V  [libjvm.so+0xad21aa]  VMError::report_and_die()+0x2ba
V  [libjvm.so+0x5022db]  report_vm_out_of_memory(char const*, int, unsigned long, VMErrorType, char const*)+0x8b
V  [libjvm.so+0x92fe33]  os::Linux::commit_memory_impl(char*, unsigned long, bool)+0x123
V  [libjvm.so+0x930059]  os::pd_commit_memory(char*, unsigned long, unsigned long, bool)+0x29
V  [libjvm.so+0x9272ba]  os::commit_memory(char*, unsigned long, unsigned long, bool)+0x2a
V  [libjvm.so+0x99d2e3]  PSVirtualSpace::expand_by(unsigned long)+0x53
V  [libjvm.so+0x99e6e8]  PSYoungGen::resize_generation(unsigned long, unsigned long)+0xf8
V  [libjvm.so+0x99d842]  PSYoungGen::resize(unsigned long, unsigned long)+0x22
V  [libjvm.so+0x99ab1b]  PSScavenge::invoke_no_policy()+0xf3b
V  [libjvm.so+0x99b2a1]  PSScavenge::invoke()+0x41
V  [libjvm.so+0x951d70]  ParallelScavengeHeap::failed_mem_allocate(unsigned long)+0x70
V  [libjvm.so+0xad3c27]  VM_ParallelGCFailedAllocation::doit()+0x97
V  [libjvm.so+0xadb745]  VM_Operation::evaluate()+0x55
V  [libjvm.so+0xad9b0a]  VMThread::evaluate_operation(VM_Operation*)+0xba
V  [libjvm.so+0xad9e8e]  VMThread::loop()+0x1ce
V  [libjvm.so+0xada300]  VMThread::run()+0x70
V  [libjvm.so+0x930198]  java_start(Thread*)+0x108

VM_Operation (0x00007f972e406300): ParallelGCFailedAllocation, mode: safepoint, requested by thread 0x00007f96f4027000


---------------  P R O C E S S  ---------------

Java Threads: ( => current thread )
  0x00007f96f4027000 JavaThread "Thread-4" [_thread_blocked, id=1128, stack(0x00007f972e307000,0x00007f972e408000)]
  0x00007f96f4002000 JavaThread "Timer-1" [_thread_blocked, id=1127, stack(0x00007f972e408000,0x00007f972e509000)]
  0x00007f974800b000 JavaThread "DestroyJavaVM" [_thread_blocked, id=1095, stack(0x00007f974e869000,0x00007f974e96a000)]
  0x00007f974849c000 JavaThread "Thread-1" [_thread_in_native, id=1126, stack(0x00007f972e509000,0x00007f972e60a000)]
  0x00007f974849a800 JavaThread "Timer-0" [_thread_blocked, id=1125, stack(0x00007f972e60a000,0x00007f972e70b000)]
  0x00007f97480d4800 JavaThread "Service Thread" daemon [_thread_blocked, id=1116, stack(0x00007f972f23d000,0x00007f972f33e000)]
  0x00007f97480bf800 JavaThread "C1 CompilerThread2" daemon [_thread_blocked, id=1115, stack(0x00007f972f33e000,0x00007f972f43f000)]
  0x00007f97480bd800 JavaThread "C2 CompilerThread1" daemon [_thread_blocked, id=1114, stack(0x00007f972f43f000,0x00007f972f540000)]
  0x00007f97480ba800 JavaThread "C2 CompilerThread0" daemon [_thread_blocked, id=1113, stack(0x00007f972f540000,0x00007f972f641000)]
  0x00007f97480b9000 JavaThread "Signal Dispatcher" daemon [_thread_blocked, id=1112, stack(0x00007f97340e6000,0x00007f97341e7000)]
  0x00007f9748085800 JavaThread "Finalizer" daemon [_thread_blocked, id=1105, stack(0x00007f97341e7000,0x00007f97342e8000)]
  0x00007f9748083000 JavaThread "Reference Handler" daemon [_thread_blocked, id=1104, stack(0x00007f97342e8000,0x00007f97343e9000)]

Other Threads:
=>0x00007f9748079000 VMThread [stack: 0x00007f97343e9000,0x00007f97344ea000] [id=1103]
  0x00007f97480d9800 WatcherThread [stack: 0x00007f972f13c000,0x00007f972f23d000] [id=1119]

VM state:at safepoint (normal execution)

VM Mutex/Monitor currently owned by a thread:  ([mutex/lock_event])
[0x00007f97480076b0] Threads_lock - owner thread: 0x00007f9748079000
[0x00007f9748007bb0] Heap_lock - owner thread: 0x00007f96f4027000

Heap:
 PSYoungGen      total 271872K, used 5408K [0x00000000ec100000, 0x00000000ff800000, 0x0000000100000000)
  eden space 227328K, 0% used [0x00000000ec100000,0x00000000ec100000,0x00000000f9f00000)
  from space 44544K, 12% used [0x00000000fcc80000,0x00000000fd1c8010,0x00000000ff800000)
  to   space 10752K, 0% used [0x00000000f9f00000,0x00000000f9f00000,0x00000000fa980000)
 ParOldGen       total 140800K, used 130520K [0x00000000c4200000, 0x00000000ccb80000, 0x00000000ec100000)
  object space 140800K, 92% used [0x00000000c4200000,0x00000000cc176300,0x00000000ccb80000)
 Metaspace       used 18178K, capacity 19168K, committed 19328K, reserved 1067008K
  class space    used 2385K, capacity 2567K, committed 2688K, reserved 1048576K

Card table byte_map: [0x00007f974c02b000,0x00007f974c20b000] byte_map_base: 0x00007f974ba0a000

Marking Bits: (ParMarkBitMap*) 0x00007f974dd340a0
 Begin Bits: [0x00007f97360b9000, 0x00007f9736fb1000)
 End Bits:   [0x00007f9736fb1000, 0x00007f9737ea9000)

Polling page: 0x00007f974e986000

CodeCache: size=245760Kb used=10894Kb max_used=10913Kb free=234865Kb
 bounds [0x00007f97387ad000, 0x00007f973925d000, 0x00007f97477ad000]
 total_blobs=3201 nmethods=2811 adapters=301
 compilation: enabled

Compilation events (10 events):
Event: 4.017 Thread 0x00007f97480bf800 nmethod 2818 0x00007f9739223890 code [0x00007f9739223a20, 0x00007f9739223ce8]
Event: 4.017 Thread 0x00007f97480bf800 2819       3       kg.ash.javavi.searchers.PackagesLoader::appendEntry (50 bytes)
Event: 4.017 Thread 0x00007f97480ba800 nmethod 2817 0x00007f97392234d0 code [0x00007f9739223620, 0x00007f9739223778]
Event: 4.018 Thread 0x00007f97480bf800 nmethod 2819 0x00007f9739221650 code [0x00007f9739221820, 0x00007f97392220a8]
Event: 4.035 Thread 0x00007f97480bd800 2820       4       kg.ash.javavi.searchers.PackagesLoader$$Lambda$269/977834778::accept (12 bytes)
Event: 4.037 Thread 0x00007f97480ba800 2821       4       kg.ash.javavi.searchers.PackagesLoader::processClass (184 bytes)
Event: 4.064 Thread 0x00007f97480ba800 nmethod 2821 0x00007f9739254850 code [0x00007f9739254b20, 0x00007f97392563e0]
Event: 4.064 Thread 0x00007f97480ba800 2822       4       kg.ash.javavi.searchers.PackagesLoader::appendEntry (50 bytes)
Event: 4.073 Thread 0x00007f97480ba800 nmethod 2822 0x00007f97392361d0 code [0x00007f9739236360, 0x00007f9739236a48]
Event: 4.095 Thread 0x00007f97480bd800 nmethod 2820 0x00007f9739257b50 code [0x00007f9739257e60, 0x00007f9739259da0]

GC Heap History (10 events):
Event: 11.021 GC heap after
Heap after GC invocations=19 (full 2):
 PSYoungGen      total 274432K, used 128K [0x00000000ec100000, 0x0000000100000000, 0x0000000100000000)
  eden space 223744K, 0% used [0x00000000ec100000,0x00000000ec100000,0x00000000f9b80000)
  from space 50688K, 0% used [0x00000000f9b80000,0x00000000f9ba0000,0x00000000fcd00000)
  to   space 51200K, 0% used [0x00000000fce00000,0x00000000fce00000,0x0000000100000000)
 ParOldGen       total 140800K, used 114980K [0x00000000c4200000, 0x00000000ccb80000, 0x00000000ec100000)
  object space 140800K, 81% used [0x00000000c4200000,0x00000000cb249260,0x00000000ccb80000)
 Metaspace       used 18178K, capacity 19168K, committed 19328K, reserved 1067008K
  class space    used 2385K, capacity 2567K, committed 2688K, reserved 1048576K
}
Event: 13.038 GC heap before
{Heap before GC invocations=20 (full 2):
 PSYoungGen      total 274432K, used 223872K [0x00000000ec100000, 0x0000000100000000, 0x0000000100000000)
  eden space 223744K, 100% used [0x00000000ec100000,0x00000000f9b80000,0x00000000f9b80000)
  from space 50688K, 0% used [0x00000000f9b80000,0x00000000f9ba0000,0x00000000fcd00000)
  to   space 51200K, 0% used [0x00000000fce00000,0x00000000fce00000,0x0000000100000000)
 ParOldGen       total 140800K, used 114980K [0x00000000c4200000, 0x00000000ccb80000, 0x00000000ec100000)
  object space 140800K, 81% used [0x00000000c4200000,0x00000000cb249260,0x00000000ccb80000)
 Metaspace       used 18178K, capacity 19168K, committed 19328K, reserved 1067008K
  class space    used 2385K, capacity 2567K, committed 2688K, reserved 1048576K
Event: 14.393 GC heap after
Heap after GC invocations=20 (full 2):
 PSYoungGen      total 275456K, used 64K [0x00000000ec100000, 0x00000000fff80000, 0x0000000100000000)
  eden space 224768K, 0% used [0x00000000ec100000,0x00000000ec100000,0x00000000f9c80000)
  from space 50688K, 0% used [0x00000000fce00000,0x00000000fce10000,0x00000000fff80000)
  to   space 50688K, 0% used [0x00000000f9c80000,0x00000000f9c80000,0x00000000fce00000)
 ParOldGen       total 140800K, used 114980K [0x00000000c4200000, 0x00000000ccb80000, 0x00000000ec100000)
  object space 140800K, 81% used [0x00000000c4200000,0x00000000cb249260,0x00000000ccb80000)
 Metaspace       used 18178K, capacity 19168K, committed 19328K, reserved 1067008K
  class space    used 2385K, capacity 2567K, committed 2688K, reserved 1048576K
}
Event: 18.664 GC heap before
{Heap before GC invocations=21 (full 2):
 PSYoungGen      total 275456K, used 224832K [0x00000000ec100000, 0x00000000fff80000, 0x0000000100000000)
  eden space 224768K, 100% used [0x00000000ec100000,0x00000000f9c80000,0x00000000f9c80000)
  from space 50688K, 0% used [0x00000000fce00000,0x00000000fce10000,0x00000000fff80000)
  to   space 50688K, 0% used [0x00000000f9c80000,0x00000000f9c80000,0x00000000fce00000)
 ParOldGen       total 140800K, used 114980K [0x00000000c4200000, 0x00000000ccb80000, 0x00000000ec100000)
  object space 140800K, 81% used [0x00000000c4200000,0x00000000cb249260,0x00000000ccb80000)
 Metaspace       used 18178K, capacity 19168K, committed 19328K, reserved 1067008K
  class space    used 2385K, capacity 2567K, committed 2688K, reserved 1048576K
Event: 20.623 GC heap after
Heap after GC invocations=21 (full 2):
 PSYoungGen      total 225280K, used 64K [0x00000000ec100000, 0x00000000ffe00000, 0x0000000100000000)
  eden space 224768K, 0% used [0x00000000ec100000,0x00000000ec100000,0x00000000f9c80000)
  from space 512K, 12% used [0x00000000f9c80000,0x00000000f9c90000,0x00000000f9d00000)
  to   space 49664K, 0% used [0x00000000fcd80000,0x00000000fcd80000,0x00000000ffe00000)
 ParOldGen       total 140800K, used 115004K [0x00000000c4200000, 0x00000000ccb80000, 0x00000000ec100000)
  object space 140800K, 81% used [0x00000000c4200000,0x00000000cb24f260,0x00000000ccb80000)
 Metaspace       used 18178K, capacity 19168K, committed 19328K, reserved 1067008K
  class space    used 2385K, capacity 2567K, committed 2688K, reserved 1048576K
}
Event: 20.931 GC heap before
{Heap before GC invocations=22 (full 2):
 PSYoungGen      total 225280K, used 224832K [0x00000000ec100000, 0x00000000ffe00000, 0x0000000100000000)
  eden space 224768K, 100% used [0x00000000ec100000,0x00000000f9c80000,0x00000000f9c80000)
  from space 512K, 12% used [0x00000000f9c80000,0x00000000f9c90000,0x00000000f9d00000)
  to   space 49664K, 0% used [0x00000000fcd80000,0x00000000fcd80000,0x00000000ffe00000)
 ParOldGen       total 140800K, used 115004K [0x00000000c4200000, 0x00000000ccb80000, 0x00000000ec100000)
  object space 140800K, 81% used [0x00000000c4200000,0x00000000cb24f260,0x00000000ccb80000)
 Metaspace       used 18178K, capacity 19168K, committed 19328K, reserved 1067008K
  class space    used 2385K, capacity 2567K, committed 2688K, reserved 1048576K
Event: 21.185 GC heap after
Heap after GC invocations=22 (full 2):
 PSYoungGen      total 276992K, used 4864K [0x00000000ec100000, 0x0000000100000000, 0x0000000100000000)
  eden space 227328K, 0% used [0x00000000ec100000,0x00000000ec100000,0x00000000f9f00000)
  from space 49664K, 9% used [0x00000000fcd80000,0x00000000fd240030,0x00000000ffe00000)
  to   space 47616K, 0% used [0x00000000f9f00000,0x00000000f9f00000,0x00000000fcd80000)
 ParOldGen       total 140800K, used 115004K [0x00000000c4200000, 0x00000000ccb80000, 0x00000000ec100000)
  object space 140800K, 81% used [0x00000000c4200000,0x00000000cb24f260,0x00000000ccb80000)
 Metaspace       used 18178K, capacity 19168K, committed 19328K, reserved 1067008K
  class space    used 2385K, capacity 2567K, committed 2688K, reserved 1048576K
}
Event: 21.727 GC heap before
{Heap before GC invocations=23 (full 2):
 PSYoungGen      total 276992K, used 232192K [0x00000000ec100000, 0x0000000100000000, 0x0000000100000000)
  eden space 227328K, 100% used [0x00000000ec100000,0x00000000f9f00000,0x00000000f9f00000)
  from space 49664K, 9% used [0x00000000fcd80000,0x00000000fd240030,0x00000000ffe00000)
  to   space 47616K, 0% used [0x00000000f9f00000,0x00000000f9f00000,0x00000000fcd80000)
 ParOldGen       total 140800K, used 115004K [0x00000000c4200000, 0x00000000ccb80000, 0x00000000ec100000)
  object space 140800K, 81% used [0x00000000c4200000,0x00000000cb24f260,0x00000000ccb80000)
 Metaspace       used 18178K, capacity 19168K, committed 19328K, reserved 1067008K
  class space    used 2385K, capacity 2567K, committed 2688K, reserved 1048576K
Event: 22.437 GC heap after
Heap after GC invocations=23 (full 2):
 PSYoungGen      total 238080K, used 10736K [0x00000000ec100000, 0x00000000ff800000, 0x0000000100000000)
  eden space 227328K, 0% used [0x00000000ec100000,0x00000000ec100000,0x00000000f9f00000)
  from space 10752K, 99% used [0x00000000f9f00000,0x00000000fa97c030,0x00000000fa980000)
  to   space 44544K, 0% used [0x00000000fcc80000,0x00000000fcc80000,0x00000000ff800000)
 ParOldGen       total 140800K, used 119772K [0x00000000c4200000, 0x00000000ccb80000, 0x00000000ec100000)
  object space 140800K, 85% used [0x00000000c4200000,0x00000000cb6f7270,0x00000000ccb80000)
 Metaspace       used 18178K, capacity 19168K, committed 19328K, reserved 1067008K
  class space    used 2385K, capacity 2567K, committed 2688K, reserved 1048576K
}
Event: 27.882 GC heap before
{Heap before GC invocations=24 (full 2):
 PSYoungGen      total 238080K, used 238064K [0x00000000ec100000, 0x00000000ff800000, 0x0000000100000000)
  eden space 227328K, 100% used [0x00000000ec100000,0x00000000f9f00000,0x00000000f9f00000)
  from space 10752K, 99% used [0x00000000f9f00000,0x00000000fa97c030,0x00000000fa980000)
  to   space 44544K, 0% used [0x00000000fcc80000,0x00000000fcc80000,0x00000000ff800000)
 ParOldGen       total 140800K, used 119772K [0x00000000c4200000, 0x00000000ccb80000, 0x00000000ec100000)
  object space 140800K, 85% used [0x00000000c4200000,0x00000000cb6f7270,0x00000000ccb80000)
 Metaspace       used 18178K, capacity 19168K, committed 19328K, reserved 1067008K
  class space    used 2385K, capacity 2567K, committed 2688K, reserved 1048576K

Deoptimization events (10 events):
Event: 3.287 Thread 0x00007f96f4027000 Uncommon trap: reason=bimorphic action=maybe_recompile pc=0x00007f9738c54a64 method=java.util.regex.Pattern$Start.match(Ljava/util/regex/Matcher;ILjava/lang/CharSequence;)Z @ 44
Event: 3.287 Thread 0x00007f96f4027000 Uncommon trap: reason=unstable_if action=reinterpret pc=0x00007f9738b3b270 method=java.util.regex.Pattern$BitClass.isSatisfiedBy(I)Z @ 13
Event: 3.287 Thread 0x00007f96f4027000 Uncommon trap: reason=bimorphic action=maybe_recompile pc=0x00007f9738c54a64 method=java.util.regex.Pattern$Start.match(Ljava/util/regex/Matcher;ILjava/lang/CharSequence;)Z @ 44
Event: 3.288 Thread 0x00007f96f4027000 Uncommon trap: reason=bimorphic action=maybe_recompile pc=0x00007f9738c54a64 method=java.util.regex.Pattern$Start.match(Ljava/util/regex/Matcher;ILjava/lang/CharSequence;)Z @ 44
Event: 3.288 Thread 0x00007f96f4027000 Uncommon trap: reason=bimorphic action=maybe_recompile pc=0x00007f9738c54a64 method=java.util.regex.Pattern$Start.match(Ljava/util/regex/Matcher;ILjava/lang/CharSequence;)Z @ 44
Event: 3.360 Thread 0x00007f96f4027000 Uncommon trap: reason=unstable_if action=reinterpret pc=0x00007f97389b7214 method=java.lang.String.startsWith(Ljava/lang/String;I)Z @ 25
Event: 3.471 Thread 0x00007f96f4027000 Uncommon trap: reason=unstable_if action=reinterpret pc=0x00007f97388ee3e8 method=java.lang.String.startsWith(Ljava/lang/String;I)Z @ 25
Event: 4.014 Thread 0x00007f96f4027000 Uncommon trap: reason=unstable_if action=reinterpret pc=0x00007f9739238d50 method=kg.ash.javavi.searchers.PackagesLoader.processClass(Lkg/ash/javavi/searchers/PackageEntry;I)V @ 142
Event: 4.014 Thread 0x00007f96f4027000 Uncommon trap: reason=unstable_if action=reinterpret pc=0x00007f973924e27c method=kg.ash.javavi.searchers.PackagesLoader.processClass(Lkg/ash/javavi/searchers/PackageEntry;I)V @ 142
Event: 4.014 Thread 0x00007f96f4027000 Uncommon trap: reason=unstable_if action=reinterpret pc=0x00007f9739247c7c method=kg.ash.javavi.searchers.PackagesLoader.processClass(Lkg/ash/javavi/searchers/PackageEntry;I)V @ 142

Classes redefined (0 events):
No events

Internal exceptions (10 events):
Event: 1.050 Thread 0x00007f974800b000 Exception <a 'java/lang/ArrayIndexOutOfBoundsException': 117> (0x00000000ec9f9908) thrown at [/HUDSON/workspace/8-2-build-linux-amd64/jdk8u181/11358/hotspot/src/share/vm/interpreter/interpreterRuntime.cpp, line 366]
Event: 1.050 Thread 0x00007f974800b000 Exception <a 'java/lang/ArrayIndexOutOfBoundsException': 114> (0x00000000ec9fb298) thrown at [/HUDSON/workspace/8-2-build-linux-amd64/jdk8u181/11358/hotspot/src/share/vm/interpreter/interpreterRuntime.cpp, line 366]
Event: 1.051 Thread 0x00007f974800b000 Exception <a 'java/lang/ArrayIndexOutOfBoundsException': 116> (0x00000000ec9fcc20) thrown at [/HUDSON/workspace/8-2-build-linux-amd64/jdk8u181/11358/hotspot/src/share/vm/interpreter/interpreterRuntime.cpp, line 366]
Event: 1.051 Thread 0x00007f974800b000 Exception <a 'java/lang/ArrayIndexOutOfBoundsException': 118> (0x00000000ec9fe788) thrown at [/HUDSON/workspace/8-2-build-linux-amd64/jdk8u181/11358/hotspot/src/share/vm/interpreter/interpreterRuntime.cpp, line 366]
Event: 1.186 Thread 0x00007f974849c000 Exception <a 'java/lang/NoSuchFieldError': method resolution failed> (0x00000000ecdb4be8) thrown at [/HUDSON/workspace/8-2-build-linux-amd64/jdk8u181/11358/hotspot/src/share/vm/prims/methodHandles.cpp, line 1167]
Event: 1.187 Thread 0x00007f974849c000 Exception <a 'java/lang/NoSuchFieldError': method resolution failed> (0x00000000ecdc1ed8) thrown at [/HUDSON/workspace/8-2-build-linux-amd64/jdk8u181/11358/hotspot/src/share/vm/prims/methodHandles.cpp, line 1167]
Event: 1.599 Thread 0x00007f96f4027000 Exception <a 'java/lang/NoSuchMethodError': java.lang.Object.lambda$getBegin$0(Lcom/github/javaparser/Range;)Lcom/github/javaparser/Position;> (0x00000000ed2cdd90) thrown at [/HUDSON/workspace/8-2-build-linux-amd64/jdk8u181/11358/hotspot/src/share/vm/inte
Event: 1.605 Thread 0x00007f96f4027000 Exception <a 'java/lang/NoSuchMethodError': java.lang.Object.lambda$getEnd$1(Lcom/github/javaparser/Range;)Lcom/github/javaparser/Position;> (0x00000000ed2fc6e8) thrown at [/HUDSON/workspace/8-2-build-linux-amd64/jdk8u181/11358/hotspot/src/share/vm/interp
Event: 1.799 Thread 0x00007f96f4027000 Exception <a 'java/lang/NoSuchMethodError': java.lang.Object.lambda$getMethods$3(Lcom/github/javaparser/ast/body/BodyDeclaration;)Z> (0x00000000ec1d2260) thrown at [/HUDSON/workspace/8-2-build-linux-amd64/jdk8u181/11358/hotspot/src/share/vm/interpreter/li
Event: 1.799 Thread 0x00007f96f4027000 Exception <a 'java/lang/NoSuchMethodError': java.lang.Object.lambda$getMethods$4(Lcom/github/javaparser/ast/body/BodyDeclaration;)Lcom/github/javaparser/ast/body/MethodDeclaration;> (0x00000000ec1d55e8) thrown at [/HUDSON/workspace/8-2-build-linux-amd64/j

Events (10 events):
Event: 13.013 Executing VM operation: ParallelGCFailedAllocation
Event: 15.043 Executing VM operation: ParallelGCFailedAllocation done
Event: 17.292 Thread 0x00007f96e001c800 Thread exited: 0x00007f96e001c800
Event: 17.275 Executing VM operation: ParallelGCFailedAllocation
Event: 20.666 Executing VM operation: ParallelGCFailedAllocation done
Event: 20.914 Executing VM operation: ParallelGCFailedAllocation
Event: 21.217 Executing VM operation: ParallelGCFailedAllocation done
Event: 21.707 Executing VM operation: ParallelGCFailedAllocation
Event: 22.561 Executing VM operation: ParallelGCFailedAllocation done
Event: 27.662 Executing VM operation: ParallelGCFailedAllocation


Dynamic libraries:
00400000-00401000 r-xp 00000000 08:15 7341959                            /home/ruili02/javaSE/jdk1.8.0_181/bin/java
00600000-00601000 rw-p 00000000 08:15 7341959                            /home/ruili02/javaSE/jdk1.8.0_181/bin/java
022bf000-022e0000 rw-p 00000000 00:00 0                                  [heap]
c4200000-ccb80000 rw-p 00000000 00:00 0 
ccb80000-ec100000 ---p 00000000 00:00 0 
ec100000-ff800000 rw-p 00000000 00:00 0 
100000000-1002a0000 rw-p 00000000 00:00 0 
1002a0000-140000000 ---p 00000000 00:00 0 
7f96d8000000-7f96d8021000 rw-p 00000000 00:00 0 
7f96d8021000-7f96dc000000 ---p 00000000 00:00 0 
7f96e0000000-7f96e01cb000 rw-p 00000000 00:00 0 
7f96e01cb000-7f96e4000000 ---p 00000000 00:00 0 
7f96e4000000-7f96e4021000 rw-p 00000000 00:00 0 
7f96e4021000-7f96e8000000 ---p 00000000 00:00 0 
7f96e8000000-7f96e8021000 rw-p 00000000 00:00 0 
7f96e8021000-7f96ec000000 ---p 00000000 00:00 0 
7f96ec000000-7f96ec175000 rw-p 00000000 00:00 0 
7f96ec175000-7f96f0000000 ---p 00000000 00:00 0 
7f96f0000000-7f96f0021000 rw-p 00000000 00:00 0 
7f96f0021000-7f96f4000000 ---p 00000000 00:00 0 
7f96f4000000-7f96f402b000 rw-p 00000000 00:00 0 
7f96f402b000-7f96f8000000 ---p 00000000 00:00 0 
7f96f8000000-7f96f8021000 rw-p 00000000 00:00 0 
7f96f8021000-7f96fc000000 ---p 00000000 00:00 0 
7f96fc000000-7f96fc021000 rw-p 00000000 00:00 0 
7f96fc021000-7f9700000000 ---p 00000000 00:00 0 
7f9700000000-7f9700a7b000 rw-p 00000000 00:00 0 
7f9700a7b000-7f9704000000 ---p 00000000 00:00 0 
7f9704000000-7f9704ca0000 rw-p 00000000 00:00 0 
7f9704ca0000-7f9708000000 ---p 00000000 00:00 0 
7f9708000000-7f9708021000 rw-p 00000000 00:00 0 
7f9708021000-7f970c000000 ---p 00000000 00:00 0 
7f970c000000-7f970ca42000 rw-p 00000000 00:00 0 
7f970ca42000-7f9710000000 ---p 00000000 00:00 0 
7f9710000000-7f9710021000 rw-p 00000000 00:00 0 
7f9710021000-7f9714000000 ---p 00000000 00:00 0 
7f9714000000-7f9714021000 rw-p 00000000 00:00 0 
7f9714021000-7f9718000000 ---p 00000000 00:00 0 
7f9718000000-7f9718021000 rw-p 00000000 00:00 0 
7f9718021000-7f971c000000 ---p 00000000 00:00 0 
7f971c000000-7f971c294000 rw-p 00000000 00:00 0 
7f971c294000-7f9720000000 ---p 00000000 00:00 0 
7f9720000000-7f9720021000 rw-p 00000000 00:00 0 
7f9720021000-7f9724000000 ---p 00000000 00:00 0 
7f9724fff000-7f9728000000 rw-p 00000000 00:00 0 
7f9728000000-7f9728021000 rw-p 00000000 00:00 0 
7f9728021000-7f972c000000 ---p 00000000 00:00 0 
7f972d41f000-7f972d45f000 rw-p 00000000 00:00 0 
7f972d45f000-7f972d61f000 ---p 00000000 00:00 0 
7f972db6f000-7f972db72000 ---p 00000000 00:00 0 
7f972db72000-7f972dc70000 rw-p 00000000 00:00 0 
7f972dc70000-7f972dc73000 ---p 00000000 00:00 0 
7f972dc73000-7f972df71000 rw-p 00000000 00:00 0 
7f972df71000-7f972e171000 rw-p 00000000 00:00 0 
7f972e206000-7f972e209000 ---p 00000000 00:00 0 
7f972e209000-7f972e307000 rw-p 00000000 00:00 0 
7f972e307000-7f972e30a000 ---p 00000000 00:00 0 
7f972e30a000-7f972e408000 rw-p 00000000 00:00 0 
7f972e408000-7f972e40b000 ---p 00000000 00:00 0 
7f972e40b000-7f972e509000 rw-p 00000000 00:00 0 
7f972e509000-7f972e50c000 ---p 00000000 00:00 0 
7f972e50c000-7f972e60a000 rw-p 00000000 00:00 0 
7f972e60a000-7f972e60d000 ---p 00000000 00:00 0 
7f972e60d000-7f972e70b000 rw-p 00000000 00:00 0 
7f972e70b000-7f972e71c000 r-xp 00000000 08:15 7342117                    /home/ruili02/javaSE/jdk1.8.0_181/jre/lib/amd64/libnio.so
7f972e71c000-7f972e91b000 ---p 00011000 08:15 7342117                    /home/ruili02/javaSE/jdk1.8.0_181/jre/lib/amd64/libnio.so
7f972e91b000-7f972e91c000 rw-p 00010000 08:15 7342117                    /home/ruili02/javaSE/jdk1.8.0_181/jre/lib/amd64/libnio.so
7f972e91c000-7f972eb1c000 rw-p 00000000 00:00 0 
7f972eb1c000-7f972eb32000 r-xp 00000000 08:15 7342116                    /home/ruili02/javaSE/jdk1.8.0_181/jre/lib/amd64/libnet.so
7f972eb32000-7f972ed32000 ---p 00016000 08:15 7342116                    /home/ruili02/javaSE/jdk1.8.0_181/jre/lib/amd64/libnet.so
7f972ed32000-7f972ed33000 rw-p 00016000 08:15 7342116                    /home/ruili02/javaSE/jdk1.8.0_181/jre/lib/amd64/libnet.so
7f972ed33000-7f972ef33000 rw-p 00000000 00:00 0 
7f972ef33000-7f972ef3c000 r-xp 00000000 08:15 7342114                    /home/ruili02/javaSE/jdk1.8.0_181/jre/lib/amd64/libmanagement.so
7f972ef3c000-7f972f13b000 ---p 00009000 08:15 7342114                    /home/ruili02/javaSE/jdk1.8.0_181/jre/lib/amd64/libmanagement.so
7f972f13b000-7f972f13c000 rw-p 00008000 08:15 7342114                    /home/ruili02/javaSE/jdk1.8.0_181/jre/lib/amd64/libmanagement.so
7f972f13c000-7f972f13d000 ---p 00000000 00:00 0 
7f972f13d000-7f972f23d000 rw-p 00000000 00:00 0 
7f972f23d000-7f972f240000 ---p 00000000 00:00 0 
7f972f240000-7f972f33e000 rw-p 00000000 00:00 0 
7f972f33e000-7f972f341000 ---p 00000000 00:00 0 
7f972f341000-7f972f43f000 rw-p 00000000 00:00 0 
7f972f43f000-7f972f442000 ---p 00000000 00:00 0 
7f972f442000-7f972f540000 rw-p 00000000 00:00 0 
7f972f540000-7f972f543000 ---p 00000000 00:00 0 
7f972f543000-7f972f641000 rw-p 00000000 00:00 0 
7f972f641000-7f9730000000 r--p 00000000 08:11 4857456                    /usr/lib/locale/locale-archive
7f9730000000-7f9730021000 rw-p 00000000 00:00 0 
7f9730021000-7f9734000000 ---p 00000000 00:00 0 
7f9734021000-7f9734023000 r--s 00009000 08:15 7734148                    /home/ruili02/javaSE/jdk1.8.0_181/lib/visualvm/platform/modules/org-netbeans-modules-editor-mimelookup.jar
7f9734090000-7f97340ab000 r--s 001d4000 08:15 7342197                    /home/ruili02/javaSE/jdk1.8.0_181/jre/lib/ext/nashorn.jar
7f97340ab000-7f97340bb000 r--s 000fe000 08:15 133179                     /home/ruili02/.vim/bundle/vim-javacomplete2/libs/javaparser-core-3.5.20.jar
7f97340bb000-7f97340c9000 r--s 00090000 08:15 133277                     /home/ruili02/database-simpleDB/CS186-proj2/lib/mina-core-2.0.4.jar
7f97340c9000-7f97340e6000 r--s 00125000 08:15 133187                     /home/ruili02/.vim/bundle/vim-javacomplete2/libs/javavi_log4j-core.jar
7f97340e6000-7f97340e9000 ---p 00000000 00:00 0 
7f97340e9000-7f97341e7000 rw-p 00000000 00:00 0 
7f97341e7000-7f97341ea000 ---p 00000000 00:00 0 
7f97341ea000-7f97342e8000 rw-p 00000000 00:00 0 
7f97342e8000-7f97342eb000 ---p 00000000 00:00 0 
7f97342eb000-7f97343e9000 rw-p 00000000 00:00 0 
7f97343e9000-7f97343ea000 ---p 00000000 00:00 0 
7f97343ea000-7f973548a000 rw-p 00000000 00:00 0 
7f973548a000-7f9735664000 r--s 03d6b000 08:15 7342065                    /home/ruili02/javaSE/jdk1.8.0_181/jre/lib/rt.jar
7f9735664000-7f9737ea9000 rw-p 00000000 00:00 0 
7f9737ea9000-7f9737eaa000 ---p 00000000 00:00 0 
7f9737eaa000-7f9737faa000 rw-p 00000000 00:00 0 
7f9737faa000-7f9737fab000 ---p 00000000 00:00 0 
7f9737fab000-7f97380ab000 rw-p 00000000 00:00 0 
7f97380ab000-7f97380ac000 ---p 00000000 00:00 0 
7f97380ac000-7f97381ac000 rw-p 00000000 00:00 0 
7f97381ac000-7f97381ad000 ---p 00000000 00:00 0 
7f97381ad000-7f97382f2000 rw-p 00000000 00:00 0 
7f97382f2000-7f97383ed000 ---p 00000000 00:00 0 
7f97383ed000-7f9738418000 rw-p 00000000 00:00 0 
7f9738418000-7f97387ad000 ---p 00000000 00:00 0 
7f97387ad000-7f973925d000 rwxp 00000000 00:00 0 
7f973925d000-7f97477ad000 ---p 00000000 00:00 0 
7f97477ad000-7f97477c8000 r-xp 00000000 08:15 7342131                    /home/ruili02/javaSE/jdk1.8.0_181/jre/lib/amd64/libzip.so
7f97477c8000-7f97479c8000 ---p 0001b000 08:15 7342131                    /home/ruili02/javaSE/jdk1.8.0_181/jre/lib/amd64/libzip.so
7f97479c8000-7f97479c9000 rw-p 0001b000 08:15 7342131                    /home/ruili02/javaSE/jdk1.8.0_181/jre/lib/amd64/libzip.so
7f97479c9000-7f97479d4000 r-xp 00000000 08:11 7086991                    /lib/x86_64-linux-gnu/libnss_files-2.23.so
7f97479d4000-7f9747bd3000 ---p 0000b000 08:11 7086991                    /lib/x86_64-linux-gnu/libnss_files-2.23.so
7f9747bd3000-7f9747bd4000 r--p 0000a000 08:11 7086991                    /lib/x86_64-linux-gnu/libnss_files-2.23.so
7f9747bd4000-7f9747bd5000 rw-p 0000b000 08:11 7086991                    /lib/x86_64-linux-gnu/libnss_files-2.23.so
7f9747bd5000-7f9747bdb000 rw-p 00000000 00:00 0 
7f9747bdb000-7f9747be6000 r-xp 00000000 08:11 7086980                    /lib/x86_64-linux-gnu/libnss_nis-2.23.so
7f9747be6000-7f9747de5000 ---p 0000b000 08:11 7086980                    /lib/x86_64-linux-gnu/libnss_nis-2.23.so
7f9747de5000-7f9747de6000 r--p 0000a000 08:11 7086980                    /lib/x86_64-linux-gnu/libnss_nis-2.23.so
7f9747de6000-7f9747de7000 rw-p 0000b000 08:11 7086980                    /lib/x86_64-linux-gnu/libnss_nis-2.23.so
7f9747de7000-7f9747dfd000 r-xp 00000000 08:11 7087005                    /lib/x86_64-linux-gnu/libnsl-2.23.so
7f9747dfd000-7f9747ffc000 ---p 00016000 08:11 7087005                    /lib/x86_64-linux-gnu/libnsl-2.23.so
7f9747ffc000-7f9747ffd000 r--p 00015000 08:11 7087005                    /lib/x86_64-linux-gnu/libnsl-2.23.so
7f9747ffd000-7f9747ffe000 rw-p 00016000 08:11 7087005                    /lib/x86_64-linux-gnu/libnsl-2.23.so
7f9747ffe000-7f9748000000 rw-p 00000000 00:00 0 
7f9748000000-7f974849e000 rw-p 00000000 00:00 0 
7f974849e000-7f974c000000 ---p 00000000 00:00 0 
7f974c00a000-7f974c070000 rw-p 00000000 00:00 0 
7f974c070000-7f974c16a000 ---p 00000000 00:00 0 
7f974c16a000-7f974c206000 rw-p 00000000 00:00 0 
7f974c206000-7f974c20a000 ---p 00000000 00:00 0 
7f974c20a000-7f974c20b000 rw-p 00000000 00:00 0 
7f974c20b000-7f974c213000 r-xp 00000000 08:11 7086965                    /lib/x86_64-linux-gnu/libnss_compat-2.23.so
7f974c213000-7f974c412000 ---p 00008000 08:11 7086965                    /lib/x86_64-linux-gnu/libnss_compat-2.23.so
7f974c412000-7f974c413000 r--p 00007000 08:11 7086965                    /lib/x86_64-linux-gnu/libnss_compat-2.23.so
7f974c413000-7f974c414000 rw-p 00008000 08:11 7086965                    /lib/x86_64-linux-gnu/libnss_compat-2.23.so
7f974c414000-7f974c43f000 r-xp 00000000 08:15 7342095                    /home/ruili02/javaSE/jdk1.8.0_181/jre/lib/amd64/libjava.so
7f974c43f000-7f974c63e000 ---p 0002b000 08:15 7342095                    /home/ruili02/javaSE/jdk1.8.0_181/jre/lib/amd64/libjava.so
7f974c63e000-7f974c640000 rw-p 0002a000 08:15 7342095                    /home/ruili02/javaSE/jdk1.8.0_181/jre/lib/amd64/libjava.so
7f974c640000-7f974c64d000 r-xp 00000000 08:15 7342130                    /home/ruili02/javaSE/jdk1.8.0_181/jre/lib/amd64/libverify.so
7f974c64d000-7f974c84d000 ---p 0000d000 08:15 7342130                    /home/ruili02/javaSE/jdk1.8.0_181/jre/lib/amd64/libverify.so
7f974c84d000-7f974c84f000 rw-p 0000d000 08:15 7342130                    /home/ruili02/javaSE/jdk1.8.0_181/jre/lib/amd64/libverify.so
7f974c84f000-7f974c856000 r-xp 00000000 08:11 7087006                    /lib/x86_64-linux-gnu/librt-2.23.so
7f974c856000-7f974ca55000 ---p 00007000 08:11 7087006                    /lib/x86_64-linux-gnu/librt-2.23.so
7f974ca55000-7f974ca56000 r--p 00006000 08:11 7087006                    /lib/x86_64-linux-gnu/librt-2.23.so
7f974ca56000-7f974ca57000 rw-p 00007000 08:11 7087006                    /lib/x86_64-linux-gnu/librt-2.23.so
7f974ca57000-7f974cb5f000 r-xp 00000000 08:11 7087017                    /lib/x86_64-linux-gnu/libm-2.23.so
7f974cb5f000-7f974cd5e000 ---p 00108000 08:11 7087017                    /lib/x86_64-linux-gnu/libm-2.23.so
7f974cd5e000-7f974cd5f000 r--p 00107000 08:11 7087017                    /lib/x86_64-linux-gnu/libm-2.23.so
7f974cd5f000-7f974cd60000 rw-p 00108000 08:11 7087017                    /lib/x86_64-linux-gnu/libm-2.23.so
7f974cd60000-7f974da3c000 r-xp 00000000 08:15 7342134                    /home/ruili02/javaSE/jdk1.8.0_181/jre/lib/amd64/server/libjvm.so
7f974da3c000-7f974dc3c000 ---p 00cdc000 08:15 7342134                    /home/ruili02/javaSE/jdk1.8.0_181/jre/lib/amd64/server/libjvm.so
7f974dc3c000-7f974dd16000 rw-p 00cdc000 08:15 7342134                    /home/ruili02/javaSE/jdk1.8.0_181/jre/lib/amd64/server/libjvm.so
7f974dd16000-7f974dd61000 rw-p 00000000 00:00 0 
7f974dd61000-7f974df21000 r-xp 00000000 08:11 7087002                    /lib/x86_64-linux-gnu/libc-2.23.so
7f974df21000-7f974e121000 ---p 001c0000 08:11 7087002                    /lib/x86_64-linux-gnu/libc-2.23.so
7f974e121000-7f974e125000 r--p 001c0000 08:11 7087002                    /lib/x86_64-linux-gnu/libc-2.23.so
7f974e125000-7f974e127000 rw-p 001c4000 08:11 7087002                    /lib/x86_64-linux-gnu/libc-2.23.so
7f974e127000-7f974e12b000 rw-p 00000000 00:00 0 
7f974e12b000-7f974e12e000 r-xp 00000000 08:11 7087021                    /lib/x86_64-linux-gnu/libdl-2.23.so
7f974e12e000-7f974e32d000 ---p 00003000 08:11 7087021                    /lib/x86_64-linux-gnu/libdl-2.23.so
7f974e32d000-7f974e32e000 r--p 00002000 08:11 7087021                    /lib/x86_64-linux-gnu/libdl-2.23.so
7f974e32e000-7f974e32f000 rw-p 00003000 08:11 7087021                    /lib/x86_64-linux-gnu/libdl-2.23.so
7f974e32f000-7f974e345000 r-xp 00000000 08:15 7733338                    /home/ruili02/javaSE/jdk1.8.0_181/lib/amd64/jli/libjli.so
7f974e345000-7f974e544000 ---p 00016000 08:15 7733338                    /home/ruili02/javaSE/jdk1.8.0_181/lib/amd64/jli/libjli.so
7f974e544000-7f974e545000 rw-p 00015000 08:15 7733338                    /home/ruili02/javaSE/jdk1.8.0_181/lib/amd64/jli/libjli.so
7f974e545000-7f974e55d000 r-xp 00000000 08:11 7087000                    /lib/x86_64-linux-gnu/libpthread-2.23.so
7f974e55d000-7f974e75c000 ---p 00018000 08:11 7087000                    /lib/x86_64-linux-gnu/libpthread-2.23.so
7f974e75c000-7f974e75d000 r--p 00017000 08:11 7087000                    /lib/x86_64-linux-gnu/libpthread-2.23.so
7f974e75d000-7f974e75e000 rw-p 00018000 08:11 7087000                    /lib/x86_64-linux-gnu/libpthread-2.23.so
7f974e75e000-7f974e762000 rw-p 00000000 00:00 0 
7f974e762000-7f974e788000 r-xp 00000000 08:11 7086981                    /lib/x86_64-linux-gnu/ld-2.23.so
7f974e78b000-7f974e791000 r--s 0002b000 08:15 133272                     /home/ruili02/database-simpleDB/CS186-proj2/lib/junit-4.5.jar
7f974e791000-7f974e869000 rw-p 00000000 00:00 0 
7f974e869000-7f974e86c000 ---p 00000000 00:00 0 
7f974e86c000-7f974e96f000 rw-p 00000000 00:00 0 
7f974e970000-7f974e971000 r--s 0000e000 08:15 133281                     /home/ruili02/database-simpleDB/CS186-proj2/lib/zql.jar
7f974e971000-7f974e976000 r--s 00032000 08:15 133186                     /home/ruili02/.vim/bundle/vim-javacomplete2/libs/javavi_log4j-api.jar
7f974e976000-7f974e978000 r--s 00002000 08:15 133278                     /home/ruili02/database-simpleDB/CS186-proj2/lib/mina-filter-compression-2.0.4.jar
7f974e978000-7f974e979000 r--s 0000b000 08:15 133273                     /home/ruili02/database-simpleDB/CS186-proj2/lib/jzlib-1.0.7.jar
7f974e979000-7f974e97b000 r--s 00014000 08:15 133271                     /home/ruili02/database-simpleDB/CS186-proj2/lib/jline-0.9.94.jar
7f974e97b000-7f974e97d000 r--s 00005000 08:15 133280                     /home/ruili02/database-simpleDB/CS186-proj2/lib/slf4j-api-1.6.1.jar
7f974e97d000-7f974e985000 rw-s 00000000 08:11 1319850                    /tmp/hsperfdata_ruili02/1094
7f974e985000-7f974e986000 rw-p 00000000 00:00 0 
7f974e986000-7f974e987000 ---p 00000000 00:00 0 
7f974e987000-7f974e988000 r--p 00025000 08:11 7086981                    /lib/x86_64-linux-gnu/ld-2.23.so
7f974e988000-7f974e989000 rw-p 00026000 08:11 7086981                    /lib/x86_64-linux-gnu/ld-2.23.so
7f974e989000-7f974e98a000 rw-p 00000000 00:00 0 
7ffe61780000-7ffe617a2000 rw-p 00000000 00:00 0                          [stack]
7ffe617ee000-7ffe617f1000 r--p 00000000 00:00 0                          [vvar]
7ffe617f1000-7ffe617f3000 r-xp 00000000 00:00 0                          [vdso]
ffffffffff600000-ffffffffff601000 r-xp 00000000 00:00 0                  [vsyscall]

VM Arguments:
jvm_args: -Ddaemon.port=36945 -Dlog4j.configurationFile=/home/ruili02/.vim/bundle/vim-javacomplete2/libs/javavi/target/classes/log4j2.xml 
java_command: kg.ash.javavi.Javavi -sources /home/ruili02/database-simpleDB/CS186-proj2/bin/src:/home/ruili02/database-simpleDB/CS186-proj2/src:/home/ruili02/database-simpleDB/CS186-proj2/src/java/simpledb/src: -base /home/ruili02/.cache/javacomplete2/ -compiler javac -D 36945
java_class_path (initial): /home/ruili02/database-simpleDB/CS186-proj2/bin/test:/home/ruili02/openTCS/openTCS-4.10.0-src/openTCS-CommAdapter-Real/src/main/java/org/opentcs/realvehicle:/home/ruili02/.vim/bundle/vim-javacomplete2/libs/javavi_log4j-core.jar::/home/ruili02/database-simpleDB/CS186-proj2/lib/slf4j-api-1.6.1.jar:/home/ruili02/database-simpleDB/CS186-proj2/lib/mina-core-2.0.4.jar:/home/ruili02/javaSE/jdk1.8.0_181/jre/lib:/home/ruili02/database-simpleDB/CS186-proj2/lib/jline-0.9.94.jar:.:/home/ruili02/javaSE/jdk1.8.0_181/lib:/home/ruili02/database-simpleDB/CS186-proj2/lib/jzlib-1.0.7.jar:/home/ruili02/.vim/bundle/vim-javacomplete2/libs/javavi/target/classes:/home/ruili02/.vim/autoload:/home/ruili02/database-simpleDB/CS186-proj2/bin/src:/home/ruili02/database-simpleDB/CS186-proj2/lib/mina-filter-compression-2.0.4.jar:/home/ruili02/.vim/bundle/vim-javacomplete2/libs/javaparser-core-3.5.20.jar:/home/ruili02/.vim/bundle/vim-javacomplete2/libs/javavi_log4j-api.jar:/home/ruili02/database-simpleDB/CS186-proj2/lib/junit-4.5.jar:/home/ruili02/database-simpleDB/CS186-proj2/lib/zql.jar
Launcher Type: SUN_STANDARD

Environment Variables:
JAVA_HOME=/home/ruili02/javaSE/jdk1.8.0_181
JRE_HOME=/home/ruili02/javaSE/jdk1.8.0_181/jre
CLASSPATH=/home/ruili02/database-simpleDB/CS186-proj2/bin/test:/home/ruili02/openTCS/openTCS-4.10.0-src/openTCS-CommAdapter-Real/src/main/java/org/opentcs/realvehicle:/home/ruili02/.vim/bundle/vim-javacomplete2/libs/javavi_log4j-core.jar::/home/ruili02/database-simpleDB/CS186-proj2/lib/slf4j-api-1.6.1.jar:/home/ruili02/database-simpleDB/CS186-proj2/lib/mina-core-2.0.4.jar:/home/ruili02/javaSE/jdk1.8.0_181/jre/lib:/home/ruili02/database-simpleDB/CS186-proj2/lib/jline-0.9.94.jar:.:/home/ruili02/javaSE/jdk1.8.0_181/lib:/home/ruili02/database-simpleDB/CS186-proj2/lib/jzlib-1.0.7.jar:/home/ruili02/.vim/bundle/vim-javacomplete2/libs/javavi/target/classes:/home/ruili02/.vim/autoload:/home/ruili02/database-simpleDB/CS186-proj2/bin/src:/home/ruili02/database-simpleDB/CS186-proj2/lib/mina-filter-compression-2.0.4.jar:/home/ruili02/.vim/bundle/vim-javacomplete2/libs/javaparser-core-3.5.20.jar:/home/ruili02/.vim/bundle/vim-javacomplete2/libs/javavi_log4j-api.jar:/home/ruili02/database-simpleDB/CS186-proj2/lib/junit-4.5.jar:/home/ruili02/database-simpleDB/CS186-proj2/lib/zql.jar
PATH=/home/ruili02/markdown:/home/ruili02/gradle/gradle-4.9/bin:/home/ruili02/javaSE/jdk1.8.0_181/bin:/home/ruili02/javaSE/jdk1.8.0_181/jre/bin:/home/ruili02/bin:/home/ruili02/.local/bin:/usr/local/sbin:/usr/local/bin:/usr/sbin:/usr/bin:/sbin:/bin:/usr/games:/usr/local/games:/snap/bin
SHELL=/bin/bash
DISPLAY=:0

Signal Handlers:
SIGSEGV: [libjvm.so+0xad2a40], sa_mask[0]=11111111011111111101111111111110, sa_flags=SA_RESTART|SA_SIGINFO
SIGBUS: [libjvm.so+0xad2a40], sa_mask[0]=11111111011111111101111111111110, sa_flags=SA_RESTART|SA_SIGINFO
SIGFPE: [libjvm.so+0x92a610], sa_mask[0]=11111111011111111101111111111110, sa_flags=SA_RESTART|SA_SIGINFO
SIGPIPE: [libjvm.so+0x92a610], sa_mask[0]=11111111011111111101111111111110, sa_flags=SA_RESTART|SA_SIGINFO
SIGXFSZ: [libjvm.so+0x92a610], sa_mask[0]=11111111011111111101111111111110, sa_flags=SA_RESTART|SA_SIGINFO
SIGILL: [libjvm.so+0x92a610], sa_mask[0]=11111111011111111101111111111110, sa_flags=SA_RESTART|SA_SIGINFO
SIGUSR1: SIG_DFL, sa_mask[0]=00000000000000000000000000000000, sa_flags=none
SIGUSR2: [libjvm.so+0x92be70], sa_mask[0]=00000000000000000000000000000000, sa_flags=SA_RESTART|SA_SIGINFO
SIGHUP: [libjvm.so+0x92d270], sa_mask[0]=11111111011111111101111111111110, sa_flags=SA_RESTART|SA_SIGINFO
SIGINT: [libjvm.so+0x92d270], sa_mask[0]=11111111011111111101111111111110, sa_flags=SA_RESTART|SA_SIGINFO
SIGTERM: [libjvm.so+0x92d270], sa_mask[0]=11111111011111111101111111111110, sa_flags=SA_RESTART|SA_SIGINFO
SIGQUIT: [libjvm.so+0x92d270], sa_mask[0]=11111111011111111101111111111110, sa_flags=SA_RESTART|SA_SIGINFO


---------------  S Y S T E M  ---------------

OS:DISTRIB_ID=Ubuntu
DISTRIB_RELEASE=16.04
DISTRIB_CODENAME=xenial
DISTRIB_DESCRIPTION="Ubuntu 16.04.5 LTS"

uname:Linux 4.15.0-52-generic #56~16.04.1-Ubuntu SMP Thu Jun 6 12:03:31 UTC 2019 x86_64
libc:glibc 2.23 NPTL 2.23 
rlimit: STACK 8192k, CORE 0k, NPROC 15088, NOFILE 1048576, AS infinity
load average:7.35 1.83 0.66

/proc/meminfo:
MemTotal:        3923168 kB
MemFree:          357560 kB
MemAvailable:     301124 kB
Buffers:            2248 kB
Cached:           343748 kB
SwapCached:        14832 kB
Active:          2676272 kB
Inactive:         663044 kB
Active(anon):    2671136 kB
Inactive(anon):   571812 kB
Active(file):       5136 kB
Inactive(file):    91232 kB
Unevictable:         168 kB
Mlocked:             168 kB
SwapTotal:        975868 kB
SwapFree:          11216 kB
Dirty:               240 kB
Writeback:         11020 kB
AnonPages:       2979612 kB
Mapped:           139668 kB
Shmem:            249336 kB
Slab:              93364 kB
SReclaimable:      36996 kB
SUnreclaim:        56368 kB
KernelStack:       12784 kB
PageTables:        63656 kB
NFS_Unstable:          0 kB
Bounce:                0 kB
WritebackTmp:          0 kB
CommitLimit:     2937452 kB
Committed_AS:   11818876 kB
VmallocTotal:   34359738367 kB
VmallocUsed:           0 kB
VmallocChunk:          0 kB
HardwareCorrupted:     0 kB
AnonHugePages:         0 kB
ShmemHugePages:        0 kB
ShmemPmdMapped:        0 kB
CmaTotal:              0 kB
CmaFree:               0 kB
HugePages_Total:       0
HugePages_Free:        0
HugePages_Rsvd:        0
HugePages_Surp:        0
Hugepagesize:       2048 kB
DirectMap4k:      260276 kB
DirectMap2M:     3817472 kB
DirectMap1G:           0 kB


CPU:total 4 (initial active 4) (2 cores per cpu, 2 threads per core) family 6 model 94 stepping 3, cmov, cx8, fxsr, mmx, sse, sse2, sse3, ssse3, sse4.1, sse4.2, popcnt, avx, avx2, aes, clmul, erms, 3dnowpref, lzcnt, ht, tsc, tscinvbit, bmi1, bmi2, adx

/proc/cpuinfo:
processor	: 0
vendor_id	: GenuineIntel
cpu family	: 6
model		: 94
model name	: Intel(R) Core(TM) i3-6100 CPU @ 3.70GHz
stepping	: 3
microcode	: 0xcc
cpu MHz		: 811.389
cache size	: 3072 KB
physical id	: 0
siblings	: 4
core id		: 0
cpu cores	: 2
apicid		: 0
initial apicid	: 0
fpu		: yes
fpu_exception	: yes
cpuid level	: 22
wp		: yes
flags		: fpu vme de pse tsc msr pae mce cx8 apic sep mtrr pge mca cmov pat pse36 clflush dts acpi mmx fxsr sse sse2 ss ht tm pbe syscall nx pdpe1gb rdtscp lm constant_tsc art arch_perfmon pebs bts rep_good nopl xtopology nonstop_tsc cpuid aperfmperf tsc_known_freq pni pclmulqdq dtes64 monitor ds_cpl vmx est tm2 ssse3 sdbg fma cx16 xtpr pdcm pcid sse4_1 sse4_2 x2apic movbe popcnt tsc_deadline_timer aes xsave avx f16c rdrand lahf_lm abm 3dnowprefetch cpuid_fault epb invpcid_single pti ssbd ibrs ibpb stibp tpr_shadow vnmi flexpriority ept vpid fsgsbase tsc_adjust bmi1 avx2 smep bmi2 erms invpcid mpx rdseed adx smap clflushopt intel_pt xsaveopt xsavec xgetbv1 xsaves dtherm arat pln pts hwp hwp_notify hwp_act_window hwp_epp md_clear flush_l1d
bugs		: cpu_meltdown spectre_v1 spectre_v2 spec_store_bypass l1tf mds
bogomips	: 7392.00
clflush size	: 64
cache_alignment	: 64
address sizes	: 39 bits physical, 48 bits virtual
power management:

processor	: 1
vendor_id	: GenuineIntel
cpu family	: 6
model		: 94
model name	: Intel(R) Core(TM) i3-6100 CPU @ 3.70GHz
stepping	: 3
microcode	: 0xcc
cpu MHz		: 829.488
cache size	: 3072 KB
physical id	: 0
siblings	: 4
core id		: 1
cpu cores	: 2
apicid		: 2
initial apicid	: 2
fpu		: yes
fpu_exception	: yes
cpuid level	: 22
wp		: yes
flags		: fpu vme de pse tsc msr pae mce cx8 apic sep mtrr pge mca cmov pat pse36 clflush dts acpi mmx fxsr sse sse2 ss ht tm pbe syscall nx pdpe1gb rdtscp lm constant_tsc art arch_perfmon pebs bts rep_good nopl xtopology nonstop_tsc cpuid aperfmperf tsc_known_freq pni pclmulqdq dtes64 monitor ds_cpl vmx est tm2 ssse3 sdbg fma cx16 xtpr pdcm pcid sse4_1 sse4_2 x2apic movbe popcnt tsc_deadline_timer aes xsave avx f16c rdrand lahf_lm abm 3dnowprefetch cpuid_fault epb invpcid_single pti ssbd ibrs ibpb stibp tpr_shadow vnmi flexpriority ept vpid fsgsbase tsc_adjust bmi1 avx2 smep bmi2 erms invpcid mpx rdseed adx smap clflushopt intel_pt xsaveopt xsavec xgetbv1 xsaves dtherm arat pln pts hwp hwp_notify hwp_act_window hwp_epp md_clear flush_l1d
bugs		: cpu_meltdown spectre_v1 spectre_v2 spec_store_bypass l1tf mds
bogomips	: 7392.00
clflush size	: 64
cache_alignment	: 64
address sizes	: 39 bits physical, 48 bits virtual
power management:

processor	: 2
vendor_id	: GenuineIntel
cpu family	: 6
model		: 94
model name	: Intel(R) Core(TM) i3-6100 CPU @ 3.70GHz
stepping	: 3
microcode	: 0xcc
cpu MHz		: 821.023
cache size	: 3072 KB
physical id	: 0
siblings	: 4
core id		: 0
cpu cores	: 2
apicid		: 1
initial apicid	: 1
fpu		: yes
fpu_exception	: yes
cpuid level	: 22
wp		: yes
flags		: fpu vme de pse tsc msr pae mce cx8 apic sep mtrr pge mca cmov pat pse36 clflush dts acpi mmx fxsr sse sse2 ss ht tm pbe syscall nx pdpe1gb rdtscp lm constant_tsc art arch_perfmon pebs bts rep_good nopl xtopology nonstop_tsc cpuid aperfmperf tsc_known_freq pni pclmulqdq dtes64 monitor ds_cpl vmx est tm2 ssse3 sdbg fma cx16 xtpr pdcm pcid sse4_1 sse4_2 x2apic movbe popcnt tsc_deadline_timer aes xsave avx f16c rdrand lahf_lm abm 3dnowprefetch cpuid_fault epb invpcid_single pti ssbd ibrs ibpb stibp tpr_shadow vnmi flexpriority ept vpid fsgsbase tsc_adjust bmi1 avx2 smep bmi2 erms invpcid mpx rdseed adx smap clflushopt intel_pt xsaveopt xsavec xgetbv1 xsaves dtherm arat pln pts hwp hwp_notify hwp_act_window hwp_epp md_clear flush_l1d
bugs		: cpu_meltdown spectre_v1 spectre_v2 spec_store_bypass l1tf mds
bogomips	: 7392.00
clflush size	: 64
cache_alignment	: 64
address sizes	: 39 bits physical, 48 bits virtual
power management:

processor	: 3
vendor_id	: GenuineIntel
cpu family	: 6
model		: 94
model name	: Intel(R) Core(TM) i3-6100 CPU @ 3.70GHz
stepping	: 3
microcode	: 0xcc
cpu MHz		: 829.424
cache size	: 3072 KB
physical id	: 0
siblings	: 4
core id		: 1
cpu cores	: 2
apicid		: 3
initial apicid	: 3
fpu		: yes
fpu_exception	: yes
cpuid level	: 22
wp		: yes
flags		: fpu vme de pse tsc msr pae mce cx8 apic sep mtrr pge mca cmov pat pse36 clflush dts acpi mmx fxsr sse sse2 ss ht tm pbe syscall nx pdpe1gb rdtscp lm constant_tsc art arch_perfmon pebs bts rep_good nopl xtopology nonstop_tsc cpuid aperfmperf tsc_known_freq pni pclmulqdq dtes64 monitor ds_cpl vmx est tm2 ssse3 sdbg fma cx16 xtpr pdcm pcid sse4_1 sse4_2 x2apic movbe popcnt tsc_deadline_timer aes xsave avx f16c rdrand lahf_lm abm 3dnowprefetch cpuid_fault epb invpcid_single pti ssbd ibrs ibpb stibp tpr_shadow vnmi flexpriority ept vpid fsgsbase tsc_adjust bmi1 avx2 smep bmi2 erms invpcid mpx rdseed adx smap clflushopt intel_pt xsaveopt xsavec xgetbv1 xsaves dtherm arat pln pts hwp hwp_notify hwp_act_window hwp_epp md_clear flush_l1d
bugs		: cpu_meltdown spectre_v1 spectre_v2 spec_store_bypass l1tf mds
bogomips	: 7392.00
clflush size	: 64
cache_alignment	: 64
address sizes	: 39 bits physical, 48 bits virtual
power management:



Memory: 4k page, physical 3923168k(352972k free), swap 975868k(11216k free)

vm_info: Java HotSpot(TM) 64-Bit Server VM (25.181-b13) for linux-amd64 JRE (1.8.0_181-b13), built on Jul  7 2018 00:56:38 by "java_re" with gcc 4.3.0 20080428 (Red Hat 4.3.0-8)

time: Thu Jun 27 14:09:21 2019
elapsed time: 31 seconds (0d 0h 0m 31s)

